Determining if the pthread_create exist failed with the following output:
Change Dir: /home/z/catkin_ws/build/CMakeFiles/CMakeTmp

Run Build Command:"/usr/bin/make" "cmTC_03e67/fast"
/usr/bin/make -f CMakeFiles/cmTC_03e67.dir/build.make CMakeFiles/cmTC_03e67.dir/build
make[1]: Entering directory '/home/z/catkin_ws/build/CMakeFiles/CMakeTmp'
Building C object CMakeFiles/cmTC_03e67.dir/CheckSymbolExists.c.o
/usr/bin/cc     -o CMakeFiles/cmTC_03e67.dir/CheckSymbolExists.c.o   -c /home/z/catkin_ws/build/CMakeFiles/CMakeTmp/CheckSymbolExists.c
Linking C executable cmTC_03e67
/usr/bin/cmake -E cmake_link_script CMakeFiles/cmTC_03e67.dir/link.txt --verbose=1
/usr/bin/cc       CMakeFiles/cmTC_03e67.dir/CheckSymbolExists.c.o  -o cmTC_03e67 -rdynamic 
CMakeFiles/cmTC_03e67.dir/CheckSymbolExists.c.o: In function `main':
CheckSymbolExists.c:(.text+0x16): undefined reference to `pthread_create'
collect2: error: ld returned 1 exit status
CMakeFiles/cmTC_03e67.dir/build.make:97: recipe for target 'cmTC_03e67' failed
make[1]: *** [cmTC_03e67] Error 1
make[1]: Leaving directory '/home/z/catkin_ws/build/CMakeFiles/CMakeTmp'
Makefile:126: recipe for target 'cmTC_03e67/fast' failed
make: *** [cmTC_03e67/fast] Error 2

File /home/z/catkin_ws/build/CMakeFiles/CMakeTmp/CheckSymbolExists.c:
/* */
#include <pthread.h>

int main(int argc, char** argv)
{
  (void)argv;
#ifndef pthread_create
  return ((int*)(&pthread_create))[argc];
#else
  (void)argc;
  return 0;
#endif
}

Determining if the function pthread_create exists in the pthreads failed with the following output:
Change Dir: /home/z/catkin_ws/build/CMakeFiles/CMakeTmp

Run Build Command:"/usr/bin/make" "cmTC_bd78b/fast"
/usr/bin/make -f CMakeFiles/cmTC_bd78b.dir/build.make CMakeFiles/cmTC_bd78b.dir/build
make[1]: Entering directory '/home/z/catkin_ws/build/CMakeFiles/CMakeTmp'
Building C object CMakeFiles/cmTC_bd78b.dir/CheckFunctionExists.c.o
/usr/bin/cc    -DCHECK_FUNCTION_EXISTS=pthread_create   -o CMakeFiles/cmTC_bd78b.dir/CheckFunctionExists.c.o   -c /usr/share/cmake-3.5/Modules/CheckFunctionExists.c
Linking C executable cmTC_bd78b
/usr/bin/cmake -E cmake_link_script CMakeFiles/cmTC_bd78b.dir/link.txt --verbose=1
/usr/bin/cc   -DCHECK_FUNCTION_EXISTS=pthread_create    CMakeFiles/cmTC_bd78b.dir/CheckFunctionExists.c.o  -o cmTC_bd78b -rdynamic -lpthreads 
/usr/bin/ld: cannot find -lpthreads
collect2: error: ld returned 1 exit status
CMakeFiles/cmTC_bd78b.dir/build.make:97: recipe for target 'cmTC_bd78b' failed
make[1]: *** [cmTC_bd78b] Error 1
make[1]: Leaving directory '/home/z/catkin_ws/build/CMakeFiles/CMakeTmp'
Makefile:126: recipe for target 'cmTC_bd78b/fast' failed
make: *** [cmTC_bd78b/fast] Error 2


Performing C SOURCE FILE Test CMAKE_HAVE_LIBC_PTHREAD failed with the following output:
Change Dir: /home/z/catkin_ws/build/CMakeFiles/CMakeTmp

Run Build Command(s):/usr/bin/make cmTC_ed800/fast && /usr/bin/make  -f CMakeFiles/cmTC_ed800.dir/build.make CMakeFiles/cmTC_ed800.dir/build
make[1]: Entering directory '/home/z/catkin_ws/build/CMakeFiles/CMakeTmp'
Building C object CMakeFiles/cmTC_ed800.dir/src.c.o
/usr/bin/cc   -DCMAKE_HAVE_LIBC_PTHREAD   -o CMakeFiles/cmTC_ed800.dir/src.c.o   -c /home/z/catkin_ws/build/CMakeFiles/CMakeTmp/src.c
Linking C executable cmTC_ed800
/usr/local/bin/cmake -E cmake_link_script CMakeFiles/cmTC_ed800.dir/link.txt --verbose=1
/usr/bin/cc  -DCMAKE_HAVE_LIBC_PTHREAD    -rdynamic CMakeFiles/cmTC_ed800.dir/src.c.o  -o cmTC_ed800 
CMakeFiles/cmTC_ed800.dir/src.c.o: In function `main':
src.c:(.text+0x3c): undefined reference to `pthread_create'
src.c:(.text+0x48): undefined reference to `pthread_detach'
src.c:(.text+0x59): undefined reference to `pthread_join'
src.c:(.text+0x6d): undefined reference to `pthread_atfork'
collect2: error: ld returned 1 exit status
CMakeFiles/cmTC_ed800.dir/build.make:89: recipe for target 'cmTC_ed800' failed
make[1]: *** [cmTC_ed800] Error 1
make[1]: Leaving directory '/home/z/catkin_ws/build/CMakeFiles/CMakeTmp'
Makefile:124: recipe for target 'cmTC_ed800/fast' failed
make: *** [cmTC_ed800/fast] Error 2


Source file was:
#include <pthread.h>

void* test_func(void* data)
{
  return data;
}

int main(void)
{
  pthread_t thread;
  pthread_create(&thread, NULL, test_func, NULL);
  pthread_detach(thread);
  pthread_join(thread, NULL);
  pthread_atfork(NULL, NULL, NULL);
  pthread_exit(NULL);

  return 0;
}

Determining if the include file pgm.h exists failed with the following output:
Change Dir: /home/z/catkin_ws/build/CMakeFiles/CMakeTmp

Run Build Command(s):/usr/bin/make cmTC_d50df/fast && /usr/bin/make  -f CMakeFiles/cmTC_d50df.dir/build.make CMakeFiles/cmTC_d50df.dir/build
make[1]: Entering directory '/home/z/catkin_ws/build/CMakeFiles/CMakeTmp'
Building CXX object CMakeFiles/cmTC_d50df.dir/CheckIncludeFile.cxx.o
/usr/bin/c++    -std=c++11 -O3     -o CMakeFiles/cmTC_d50df.dir/CheckIncludeFile.cxx.o -c /home/z/catkin_ws/build/CMakeFiles/CMakeTmp/CheckIncludeFile.cxx
/home/z/catkin_ws/build/CMakeFiles/CMakeTmp/CheckIncludeFile.cxx:1:17: fatal error: pgm.h: No such file or directory
compilation terminated.
CMakeFiles/cmTC_d50df.dir/build.make:68: recipe for target 'CMakeFiles/cmTC_d50df.dir/CheckIncludeFile.cxx.o' failed
make[1]: *** [CMakeFiles/cmTC_d50df.dir/CheckIncludeFile.cxx.o] Error 1
make[1]: Leaving directory '/home/z/catkin_ws/build/CMakeFiles/CMakeTmp'
Makefile:124: recipe for target 'cmTC_d50df/fast' failed
make: *** [cmTC_d50df/fast] Error 2



