Performing C SOURCE FILE Test CMAKE_HAVE_LIBC_PTHREAD failed with the following output:
Change Dir: /home/z/catkin_astro_ws/build/CMakeFiles/CMakeTmp

Run Build Command(s):/usr/bin/make cmTC_e00b9/fast && /usr/bin/make  -f CMakeFiles/cmTC_e00b9.dir/build.make CMakeFiles/cmTC_e00b9.dir/build
make[1]: Entering directory '/home/z/catkin_astro_ws/build/CMakeFiles/CMakeTmp'
Building C object CMakeFiles/cmTC_e00b9.dir/src.c.o
/usr/bin/cc   -DCMAKE_HAVE_LIBC_PTHREAD   -o CMakeFiles/cmTC_e00b9.dir/src.c.o   -c /home/z/catkin_astro_ws/build/CMakeFiles/CMakeTmp/src.c
Linking C executable cmTC_e00b9
/usr/local/bin/cmake -E cmake_link_script CMakeFiles/cmTC_e00b9.dir/link.txt --verbose=1
/usr/bin/cc  -DCMAKE_HAVE_LIBC_PTHREAD    -rdynamic CMakeFiles/cmTC_e00b9.dir/src.c.o  -o cmTC_e00b9 
CMakeFiles/cmTC_e00b9.dir/src.c.o: In function `main':
src.c:(.text+0x3c): undefined reference to `pthread_create'
src.c:(.text+0x48): undefined reference to `pthread_detach'
src.c:(.text+0x59): undefined reference to `pthread_join'
src.c:(.text+0x6d): undefined reference to `pthread_atfork'
collect2: error: ld returned 1 exit status
CMakeFiles/cmTC_e00b9.dir/build.make:89: recipe for target 'cmTC_e00b9' failed
make[1]: *** [cmTC_e00b9] Error 1
make[1]: Leaving directory '/home/z/catkin_astro_ws/build/CMakeFiles/CMakeTmp'
Makefile:124: recipe for target 'cmTC_e00b9/fast' failed
make: *** [cmTC_e00b9/fast] Error 2


Source file was:
#include <pthread.h>

void* test_func(void* data)
{
  return data;
}

int main(void)
{
  pthread_t thread;
  pthread_create(&thread, NULL, test_func, NULL);
  pthread_detach(thread);
  pthread_join(thread, NULL);
  pthread_atfork(NULL, NULL, NULL);
  pthread_exit(NULL);

  return 0;
}

Determining if the function pthread_create exists in the pthreads failed with the following output:
Change Dir: /home/z/catkin_astro_ws/build/CMakeFiles/CMakeTmp

Run Build Command(s):/usr/bin/make cmTC_cd932/fast && /usr/bin/make  -f CMakeFiles/cmTC_cd932.dir/build.make CMakeFiles/cmTC_cd932.dir/build
make[1]: Entering directory '/home/z/catkin_astro_ws/build/CMakeFiles/CMakeTmp'
Building C object CMakeFiles/cmTC_cd932.dir/CheckFunctionExists.c.o
/usr/bin/cc   -DCHECK_FUNCTION_EXISTS=pthread_create   -o CMakeFiles/cmTC_cd932.dir/CheckFunctionExists.c.o   -c /usr/local/share/cmake-3.16/Modules/CheckFunctionExists.c
Linking C executable cmTC_cd932
/usr/local/bin/cmake -E cmake_link_script CMakeFiles/cmTC_cd932.dir/link.txt --verbose=1
/usr/bin/cc  -DCHECK_FUNCTION_EXISTS=pthread_create    -rdynamic CMakeFiles/cmTC_cd932.dir/CheckFunctionExists.c.o  -o cmTC_cd932  -lpthreads 
/usr/bin/ld: cannot find -lpthreads
collect2: error: ld returned 1 exit status
CMakeFiles/cmTC_cd932.dir/build.make:89: recipe for target 'cmTC_cd932' failed
make[1]: *** [cmTC_cd932] Error 1
make[1]: Leaving directory '/home/z/catkin_astro_ws/build/CMakeFiles/CMakeTmp'
Makefile:124: recipe for target 'cmTC_cd932/fast' failed
make: *** [cmTC_cd932/fast] Error 2



